# JRE version: OpenJDK Runtime Environment (8.0_112-b06) (build 1.8.0_112-release-b06)
# Java VM: OpenJDK 64-Bit Server VM (25.112-b06 mixed mode windows-amd64 compressed oops)
Heap:
 PSYoungGen      total 247296K, used 8386K [0x00000000e0000000, 0x00000000f0780000, 0x0000000100000000)
  eden space 231936K, 3% used [0x00000000e0000000,0x00000000e0830bc0,0x00000000ee280000)
  from space 15360K, 0% used [0x00000000ef880000,0x00000000ef880000,0x00000000f0780000)
  to   space 18944K, 0% used [0x00000000ee280000,0x00000000ee280000,0x00000000ef500000)
 ParOldGen       total 153088K, used 57866K [0x00000000a0000000, 0x00000000a9580000, 0x00000000e0000000)
  object space 153088K, 37% used [0x00000000a0000000,0x00000000a3882a00,0x00000000a9580000)
 Metaspace       used 85830K, capacity 88890K, committed 89216K, reserved 1126400K
  class space    used 10620K, capacity 11284K, committed 11392K, reserved 1048576K
GC Heap History (10 events):
Event: 5238.937 GC heap before
{Heap before GC invocations=84 (full 14):
 PSYoungGen      total 247296K, used 194851K [0x00000000e0000000, 0x00000000f0780000, 0x0000000100000000)
  eden space 231936K, 84% used [0x00000000e0000000,0x00000000ebe48f40,0x00000000ee280000)
  from space 15360K, 0% used [0x00000000ef880000,0x00000000ef880000,0x00000000f0780000)
  to   space 18944K, 1% used [0x00000000ee280000,0x00000000ee2d4c30,0x00000000ef500000)
 ParOldGen       total 153088K, used 61481K [0x00000000a0000000, 0x00000000a9580000, 0x00000000e0000000)
  object space 153088K, 40% used [0x00000000a0000000,0x00000000a3c0a588,0x00000000a9580000)
 Metaspace       used 85821K, capacity 88886K, committed 89216K, reserved 1126400K
  class space    used 10619K, capacity 11282K, committed 11392K, reserved 1048576K
Event: 5239.081 GC heap after
Heap after GC invocations=84 (full 14):
 PSYoungGen      total 247296K, used 0K [0x00000000e0000000, 0x00000000f0780000, 0x0000000100000000)
  eden space 231936K, 0% used [0x00000000e0000000,0x00000000e0000000,0x00000000ee280000)
  from space 15360K, 0% used [0x00000000ef880000,0x00000000ef880000,0x00000000f0780000)
  to   space 18944K, 0% used [0x00000000ee280000,0x00000000ee280000,0x00000000ef500000)
 ParOldGen       total 153088K, used 61476K [0x00000000a0000000, 0x00000000a9580000, 0x00000000e0000000)
  object space 153088K, 40% used [0x00000000a0000000,0x00000000a3c09360,0x00000000a9580000)
 Metaspace       used 85821K, capacity 88886K, committed 89216K, reserved 1126400K
  class space    used 10619K, capacity 11282K, committed 11392K, reserved 1048576K
}
Event: 5239.640 GC heap before
{Heap before GC invocations=85 (full 14):
 PSYoungGen      total 247296K, used 231936K [0x00000000e0000000, 0x00000000f0780000, 0x0000000100000000)
  eden space 231936K, 100% used [0x00000000e0000000,0x00000000ee280000,0x00000000ee280000)
  from space 15360K, 0% used [0x00000000ef880000,0x00000000ef880000,0x00000000f0780000)
  to   space 18944K, 0% used [0x00000000ee280000,0x00000000ee280000,0x00000000ef500000)
 ParOldGen       total 153088K, used 61476K [0x00000000a0000000, 0x00000000a9580000, 0x00000000e0000000)
  object space 153088K, 40% used [0x00000000a0000000,0x00000000a3c09360,0x00000000a9580000)
 Metaspace       used 85822K, capacity 88886K, committed 89216K, reserved 1126400K
  class space    used 10619K, capacity 11282K, committed 11392K, reserved 1048576K
Event: 5239.644 GC heap after
Heap after GC invocations=85 (full 14):
 PSYoungGen      total 247296K, used 231936K [0x00000000e0000000, 0x00000000f0780000, 0x0000000100000000)
  eden space 231936K, 100% used [0x00000000e0000000,0x00000000ee280000,0x00000000ee280000)
  from space 15360K, 0% used [0x00000000ef880000,0x00000000ef880000,0x00000000f0780000)
  to   space 18944K, 0% used [0x00000000ee280000,0x00000000ee2a0cc0,0x00000000ef500000)
 ParOldGen       total 153088K, used 61476K [0x00000000a0000000, 0x00000000a9580000, 0x00000000e0000000)
  object space 153088K, 40% used [0x00000000a0000000,0x00000000a3c09360,0x00000000a9580000)
 Metaspace       used 85822K, capacity 88886K, committed 89216K, reserved 1126400K
  class space    used 10619K, capacity 11282K, committed 11392K, reserved 1048576K
}
Event: 5239.644 GC heap before
{Heap before GC invocations=86 (full 15):
 PSYoungGen      total 247296K, used 231936K [0x00000000e0000000, 0x00000000f0780000, 0x0000000100000000)
  eden space 231936K, 100% used [0x00000000e0000000,0x00000000ee280000,0x00000000ee280000)
  from space 15360K, 0% used [0x00000000ef880000,0x00000000ef880000,0x00000000f0780000)
  to   space 18944K, 0% used [0x00000000ee280000,0x00000000ee2a0cc0,0x00000000ef500000)
 ParOldGen       total 153088K, used 61476K [0x00000000a0000000, 0x00000000a9580000, 0x00000000e0000000)
  object space 153088K, 40% used [0x00000000a0000000,0x00000000a3c09360,0x00000000a9580000)
 Metaspace       used 85822K, capacity 88886K, committed 89216K, reserved 1126400K
  class space    used 10619K, capacity 11282K, committed 11392K, reserved 1048576K
Event: 5239.787 GC heap after
Heap after GC invocations=86 (full 15):
 PSYoungGen      total 247296K, used 140678K [0x00000000e0000000, 0x00000000f0780000, 0x0000000100000000)
  eden space 231936K, 60% used [0x00000000e0000000,0x00000000e8961af8,0x00000000ee280000)
  from space 15360K, 0% used [0x00000000ef880000,0x00000000ef880000,0x00000000f0780000)
  to   space 18944K, 0% used [0x00000000ee280000,0x00000000ee280000,0x00000000ef500000)
 ParOldGen       total 153088K, used 61475K [0x00000000a0000000, 0x00000000a9580000, 0x00000000e0000000)
  object space 153088K, 40% used [0x00000000a0000000,0x00000000a3c08c08,0x00000000a9580000)
 Metaspace       used 85822K, capacity 88886K, committed 89216K, reserved 1126400K
  class space    used 10619K, capacity 11282K, committed 11392K, reserved 1048576K
}
Event: 5241.131 GC heap before
{Heap before GC invocations=87 (full 15):
 PSYoungGen      total 247296K, used 231936K [0x00000000e0000000, 0x00000000f0780000, 0x0000000100000000)
  eden space 231936K, 100% used [0x00000000e0000000,0x00000000ee280000,0x00000000ee280000)
  from space 15360K, 0% used [0x00000000ef880000,0x00000000ef880000,0x00000000f0780000)
  to   space 18944K, 0% used [0x00000000ee280000,0x00000000ee280000,0x00000000ef500000)
 ParOldGen       total 153088K, used 61475K [0x00000000a0000000, 0x00000000a9580000, 0x00000000e0000000)
  object space 153088K, 40% used [0x00000000a0000000,0x00000000a3c08c08,0x00000000a9580000)
 Metaspace       used 85830K, capacity 88890K, committed 89216K, reserved 1126400K
  class space    used 10620K, capacity 11284K, committed 11392K, reserved 1048576K
Event: 5241.167 GC heap after
Heap after GC invocations=87 (full 15):
 PSYoungGen      total 247296K, used 231936K [0x00000000e0000000, 0x00000000f0780000, 0x0000000100000000)
  eden space 231936K, 100% used [0x00000000e0000000,0x00000000ee280000,0x00000000ee280000)
  from space 15360K, 0% used [0x00000000ef880000,0x00000000ef880000,0x00000000f0780000)
  to   space 18944K, 3% used [0x00000000ee280000,0x00000000ee310020,0x00000000ef500000)
 ParOldGen       total 153088K, used 61483K [0x00000000a0000000, 0x00000000a9580000, 0x00000000e0000000)
  object space 153088K, 40% used [0x00000000a0000000,0x00000000a3c0ac08,0x00000000a9580000)
 Metaspace       used 85830K, capacity 88890K, committed 89216K, reserved 1126400K
  class space    used 10620K, capacity 11284K, committed 11392K, reserved 1048576K
}
Event: 5241.167 GC heap before
{Heap before GC invocations=88 (full 16):
 PSYoungGen      total 247296K, used 231936K [0x00000000e0000000, 0x00000000f0780000, 0x0000000100000000)
  eden space 231936K, 100% used [0x00000000e0000000,0x00000000ee280000,0x00000000ee280000)
  from space 15360K, 0% used [0x00000000ef880000,0x00000000ef880000,0x00000000f0780000)
  to   space 18944K, 3% used [0x00000000ee280000,0x00000000ee310020,0x00000000ef500000)
 ParOldGen       total 153088K, used 61483K [0x00000000a0000000, 0x00000000a9580000, 0x00000000e0000000)
  object space 153088K, 40% used [0x00000000a0000000,0x00000000a3c0ac08,0x00000000a9580000)
 Metaspace       used 85830K, capacity 88890K, committed 89216K, reserved 1126400K
  class space    used 10620K, capacity 11284K, committed 11392K, reserved 1048576K
Event: 5241.343 GC heap after
Heap after GC invocations=88 (full 16):
 PSYoungGen      total 247296K, used 0K [0x00000000e0000000, 0x00000000f0780000, 0x0000000100000000)
  eden space 231936K, 0% used [0x00000000e0000000,0x00000000e0000000,0x00000000ee280000)
  from space 15360K, 0% used [0x00000000ef880000,0x00000000ef880000,0x00000000f0780000)
  to   space 18944K, 0% used [0x00000000ee280000,0x00000000ee280000,0x00000000ef500000)
 ParOldGen       total 153088K, used 57866K [0x00000000a0000000, 0x00000000a9580000, 0x00000000e0000000)
  object space 153088K, 37% used [0x00000000a0000000,0x00000000a3882a00,0x00000000a9580000)
 Metaspace       used 85830K, capacity 88890K, committed 89216K, reserved 1126400K
  class space    used 10620K, capacity 11284K, committed 11392K, reserved 1048576K
}

